Unity Editor version:    2020.3.17f1 (a4537701e4ab)
Branch:                  2020.3/staging
Build type:              Release
Batch mode:              YES
macOS version:           Version 11.5.2 (Build 20G95)
Darwin version:          20.6.0
Architecture:            x86_64
Running under Rosetta:   NO
Available memory:        8192 MB
Using pre-set license
Pro License: NO

COMMAND LINE ARGUMENTS:
/Applications/Unity/Hub/Editor/2020.3.17f1/Unity.app/Contents/MacOS/Unity
-adb2
-batchMode
-noUpm
-name
AssetImportWorker0
-projectPath
/Users/k20025/MyPersonalDrone
-logFile
Logs/AssetImportWorker0.log
-srvPort
64133
Successfully changed project path to: /Users/k20025/MyPersonalDrone
/Users/k20025/MyPersonalDrone
Using Asset Import Pipeline V2.
Refreshing native plugins compatible for Editor in 181.02 ms, found 4 plugins.
Preloading 0 native plugins for Editor in 0.00 ms.
Initialize engine version: 2020.3.17f1 (a4537701e4ab)
[Subsystems] Discovering subsystems at path /Applications/Unity/Hub/Editor/2020.3.17f1/Unity.app/Contents/Resources/UnitySubsystems
[Subsystems] Discovering subsystems at path /Users/k20025/MyPersonalDrone/Assets
GfxDevice: creating device client; threaded=0
2021-12-01 23:08:02.073 Unity[95408:975331] Color LCD preferred device: Intel(R) UHD Graphics 617 (low power)
2021-12-01 23:08:02.073 Unity[95408:975331] Metal devices available: 1
2021-12-01 23:08:02.073 Unity[95408:975331] 0: Intel(R) UHD Graphics 617 (low power)
2021-12-01 23:08:02.086 Unity[95408:975331] Using device Intel(R) UHD Graphics 617 (low power)
Initializing Metal device caps: Intel(R) UHD Graphics 617
Initialize mono
Mono path[0] = '/Applications/Unity/Hub/Editor/2020.3.17f1/Unity.app/Contents/Managed'
Mono path[1] = '/Applications/Unity/Hub/Editor/2020.3.17f1/Unity.app/Contents/MonoBleedingEdge/lib/mono/unityjit'
Mono config path = '/Applications/Unity/Hub/Editor/2020.3.17f1/Unity.app/Contents/MonoBleedingEdge/etc'
Using monoOptions --debugger-agent=transport=dt_socket,embedding=1,server=y,suspend=n,address=127.0.0.1:56408
Begin MonoManager ReloadAssembly
Registering precompiled unity dll's ...
Register platform support module: /Applications/Unity/Hub/Editor/2020.3.17f1/PlaybackEngines/WebGLSupport/UnityEditor.WebGL.Extensions.dll
Register platform support module: /Applications/Unity/Hub/Editor/2020.3.17f1/Unity.app/Contents/PlaybackEngines/MacStandaloneSupport/UnityEditor.OSXStandalone.Extensions.dll
Register platform support module: /Applications/Unity/Hub/Editor/2020.3.17f1/PlaybackEngines/WindowsStandaloneSupport/UnityEditor.WindowsStandalone.Extensions.dll
Registered in 0.007783 seconds.
Native extension for WindowsStandalone target not found
Native extension for OSXStandalone target not found
Native extension for WebGL target not found
Refreshing native plugins compatible for Editor in 62.88 ms, found 4 plugins.
Preloading 0 native plugins for Editor in 0.00 ms.
Mono: successfully reloaded assembly
- Completed reload, in 11.267 seconds
Domain Reload Profiling:
	ReloadAssembly (11268ms)
		BeginReloadAssembly (254ms)
			ExecutionOrderSort (0ms)
			DisableScriptedObjects (0ms)
			BackupInstance (0ms)
			ReleaseScriptingObjects (0ms)
			CreateAndSetChildDomain (31ms)
		EndReloadAssembly (983ms)
			LoadAssemblies (227ms)
			RebuildTransferFunctionScriptingTraits (0ms)
			SetupTypeCache (399ms)
			ReleaseScriptCaches (0ms)
			RebuildScriptCaches (83ms)
			SetupLoadedEditorAssemblies (388ms)
				LogAssemblyErrors (0ms)
				InitializePlatformSupportModulesInManaged (9ms)
				SetLoadedEditorAssemblies (1ms)
				RefreshPlugins (63ms)
				BeforeProcessingInitializeOnLoad (29ms)
				ProcessInitializeOnLoadAttributes (217ms)
				ProcessInitializeOnLoadMethodAttributes (69ms)
				AfterProcessingInitializeOnLoad (0ms)
				EditorAssembliesLoaded (0ms)
			ExecutionOrderSort2 (0ms)
			AwakeInstancesAfterBackupRestoration (0ms)
Platform modules already initialized, skipping
Registering precompiled user dll's ...
Registered in 0.031218 seconds.
Begin MonoManager ReloadAssembly
Native extension for WindowsStandalone target not found
Native extension for OSXStandalone target not found
Native extension for WebGL target not found
Refreshing native plugins compatible for Editor in 1.20 ms, found 4 plugins.
Preloading 0 native plugins for Editor in 0.00 ms.
Mono: successfully reloaded assembly
- Completed reload, in  2.233 seconds
Domain Reload Profiling:
	ReloadAssembly (2234ms)
		BeginReloadAssembly (307ms)
			ExecutionOrderSort (0ms)
			DisableScriptedObjects (8ms)
			BackupInstance (0ms)
			ReleaseScriptingObjects (0ms)
			CreateAndSetChildDomain (62ms)
		EndReloadAssembly (1781ms)
			LoadAssemblies (177ms)
			RebuildTransferFunctionScriptingTraits (0ms)
			SetupTypeCache (679ms)
			ReleaseScriptCaches (0ms)
			RebuildScriptCaches (104ms)
			SetupLoadedEditorAssemblies (646ms)
				LogAssemblyErrors (0ms)
				InitializePlatformSupportModulesInManaged (11ms)
				SetLoadedEditorAssemblies (1ms)
				RefreshPlugins (1ms)
				BeforeProcessingInitializeOnLoad (81ms)
				ProcessInitializeOnLoadAttributes (542ms)
				ProcessInitializeOnLoadMethodAttributes (7ms)
				AfterProcessingInitializeOnLoad (2ms)
				EditorAssembliesLoaded (0ms)
			ExecutionOrderSort2 (0ms)
			AwakeInstancesAfterBackupRestoration (12ms)
Platform modules already initialized, skipping
Validating Project structure ... 0.012840 seconds.
Shader import version has changed; will reimport all shaders...
Upgrading shader files ...0.025251 seconds.
Application.AssetDatabase Initial Script Refresh Start
RefreshInfo: InitialScriptRefreshV2(NoUpdateAssetOptions) scanfilter:  ... 1 filters
RefreshProfiler: Total: 0.000ms
Application.AssetDatabase Initial Script Refresh End
Application.AssetDatabase.Refresh Start
Application.AssetDatabase.Refresh End
RefreshInfo: StopAssetImportingV2(ForceSynchronousImport) scanfilter: 
RefreshProfiler: Total: 0.000ms
Launching external process: /Applications/Unity/Hub/Editor/2020.3.17f1/Unity.app/Contents/Tools/UnityShaderCompiler
Launched and connected shader compiler UnityShaderCompiler after 0.03 seconds
Initializing Unity extensions:
========================================================================
Worker process is ready to serve import requests
Refreshing native plugins compatible for Editor in 1.23 ms, found 4 plugins.
Preloading 0 native plugins for Editor in 0.00 ms.
Unloading 1503 Unused Serialized files (Serialized files now loaded: 0)
System memory in use before: 178.4 MB.
System memory in use after: 177.6 MB.

Unloading 169 unused Assets to reduce memory usage. Loaded Objects now: 1957.
Total: 5.437480 ms (FindLiveObjects: 0.274901 ms CreateObjectMapping: 0.078063 ms MarkObjects: 4.318688 ms  DeleteObjects: 0.764309 ms)

AssetImportParameters requested are different than current active one (requested -> active):
  custom:video-decoder-ogg-theora: a1e56fd34408186e4bbccfd4996cb3dc -> 
  custom:container-muxer-webm: aa71ff27fc2769a1b78a27578f13a17b -> 
  custom:container-demuxer-webm: 4f35f7cbe854078d1ac9338744f61a02 -> 
  custom:container-demuxer-ogg: 62fdf1f143b41e24485cea50d1cbac27 -> 
  custom:video-encoder-webm-vp8: eb34c28f22e8b96e1ab97ce403110664 -> 
  custom:framework-osx-AVFoundation: e770b220cccbd017edd2c1fefb359320 -> 
  custom:video-decoder-webm-vp8: 9c59270c3fd7afecdb556c50c9e8de78 -> 
  custom:audio-decoder-ogg-vorbis: bf7c407c2cedff20999df2af8eb42d56 -> 
  custom:audio-encoder-webm-vorbis: bf7c407c2cedff20999df2af8eb42d56 -> 
========================================================================
Received Import Request.
  path: Assets/Scenes/DroneDemo.unity
  artifactKey: Guid(012f6bdfaada17042bf7917f7d4fcbd8) Importer(815301076,1909f56bfc062723c751e8b465ee728b)
Start importing Assets/Scenes/DroneDemo.unity using Guid(012f6bdfaada17042bf7917f7d4fcbd8) Importer(815301076,1909f56bfc062723c751e8b465ee728b)  -> (artifact id: 'ad3a403168425e620b7b5f04418b1412') in 0.025743 seconds 
  Import took 0.034289 seconds .

========================================================================
Received Import Request.
  Time since last request: 415.579794 seconds.
  path: Assets/Scenes/Image/11-201_img.jpg
  artifactKey: Guid(660ed8ec36a094ad0a74e874f902b015) Importer(815301076,1909f56bfc062723c751e8b465ee728b)
Start importing Assets/Scenes/Image/11-201_img.jpg using Guid(660ed8ec36a094ad0a74e874f902b015) Importer(815301076,1909f56bfc062723c751e8b465ee728b)  -> (artifact id: '8974eb8e26b48109cc3060624b13df3e') in 3.236555 seconds 
  Import took 3.250172 seconds .

========================================================================
Received Import Request.
  Time since last request: 0.009597 seconds.
  path: Assets/Scenes/Image/FlopDesignFONT.otf
  artifactKey: Guid(f4e650fb3c9a84517ad875924a77b1b9) Importer(815301076,1909f56bfc062723c751e8b465ee728b)
Start importing Assets/Scenes/Image/FlopDesignFONT.otf using Guid(f4e650fb3c9a84517ad875924a77b1b9) Importer(815301076,1909f56bfc062723c751e8b465ee728b)  -> (artifact id: 'b5acf82ec8a1cdcd499c950f5b4139f4') in 4.583125 seconds 
  Import took 4.590219 seconds .

========================================================================
Received Import Request.
  Time since last request: 0.017427 seconds.
  path: Assets/Scenes/Image/MenuBack.png
  artifactKey: Guid(48f94a3764ef541a9911bb523bf2bc89) Importer(815301076,1909f56bfc062723c751e8b465ee728b)
Start importing Assets/Scenes/Image/MenuBack.png using Guid(48f94a3764ef541a9911bb523bf2bc89) Importer(815301076,1909f56bfc062723c751e8b465ee728b)  -> (artifact id: '798c8ee122c91050f016536166a2c88b') in 2.331047 seconds 
  Import took 2.338706 seconds .

========================================================================
Received Import Request.
  Time since last request: 0.006801 seconds.
  path: Assets/Scenes/Image/MenuHead.png
  artifactKey: Guid(77904f3ef94204d0781e4b9df4ed4b82) Importer(815301076,1909f56bfc062723c751e8b465ee728b)
Start importing Assets/Scenes/Image/MenuHead.png using Guid(77904f3ef94204d0781e4b9df4ed4b82) Importer(815301076,1909f56bfc062723c751e8b465ee728b)  -> (artifact id: '0dec856c066ef1fa661bdae31b81ae25') in 0.023243 seconds 
  Import took 0.031305 seconds .

========================================================================
Received Import Request.
  Time since last request: 0.000467 seconds.
  path: Assets/Scenes/Image/TitleBack.png
  artifactKey: Guid(445094bfedb364c1984270b89626b145) Importer(815301076,1909f56bfc062723c751e8b465ee728b)
Start importing Assets/Scenes/Image/TitleBack.png using Guid(445094bfedb364c1984270b89626b145) Importer(815301076,1909f56bfc062723c751e8b465ee728b)  -> (artifact id: '2d51116d11ca8910c1b0aa0b076c9c9c') in 0.032156 seconds 
  Import took 0.037270 seconds .

========================================================================
Received Import Request.
  Time since last request: 0.000477 seconds.
  path: Assets/Scenes/Image/TitleLogo.png
  artifactKey: Guid(9099153d06f9e42d98d36d5c25298c53) Importer(815301076,1909f56bfc062723c751e8b465ee728b)
Start importing Assets/Scenes/Image/TitleLogo.png using Guid(9099153d06f9e42d98d36d5c25298c53) Importer(815301076,1909f56bfc062723c751e8b465ee728b)  -> (artifact id: '2dd78f4138671b9e5e6167b07422791a') in 0.096682 seconds 
  Import took 0.105526 seconds .

========================================================================
Received Import Request.
  Time since last request: 0.003010 seconds.
  path: Assets/Scenes/Image/Back1.png
  artifactKey: Guid(0b97ee557634b480197e2e2bcd750075) Importer(815301076,1909f56bfc062723c751e8b465ee728b)
Start importing Assets/Scenes/Image/Back1.png using Guid(0b97ee557634b480197e2e2bcd750075) Importer(815301076,1909f56bfc062723c751e8b465ee728b)  -> (artifact id: '6a03f9ca79e33ff0471de531f6f1189a') in 0.052280 seconds 
  Import took 0.062704 seconds .

========================================================================
Received Import Request.
  Time since last request: 0.000883 seconds.
  path: Assets/Scenes/Image/Button.png
  artifactKey: Guid(ca34b33e254074152a9ea679c2f82367) Importer(815301076,1909f56bfc062723c751e8b465ee728b)
Start importing Assets/Scenes/Image/Button.png using Guid(ca34b33e254074152a9ea679c2f82367) Importer(815301076,1909f56bfc062723c751e8b465ee728b)  -> (artifact id: '398074ab9542627793b1a322ab3c5213') in 0.034549 seconds 
  Import took 0.042004 seconds .

========================================================================
Received Import Request.
  Time since last request: 0.000541 seconds.
  path: Assets/Scenes/Image/Back0.png
  artifactKey: Guid(97f78d04f28384e40a1ddca083103284) Importer(815301076,1909f56bfc062723c751e8b465ee728b)
Start importing Assets/Scenes/Image/Back0.png using Guid(97f78d04f28384e40a1ddca083103284) Importer(815301076,1909f56bfc062723c751e8b465ee728b)  -> (artifact id: 'ef51e4560be02da6073f8f0ab043c4df') in 0.052995 seconds 
  Import took 0.063786 seconds .

========================================================================
Received Import Request.
  Time since last request: 0.001372 seconds.
  path: Assets/Scenes/Image/Back.png
  artifactKey: Guid(10a82e491b8044d359e16ef06e44e48e) Importer(815301076,1909f56bfc062723c751e8b465ee728b)
Start importing Assets/Scenes/Image/Back.png using Guid(10a82e491b8044d359e16ef06e44e48e) Importer(815301076,1909f56bfc062723c751e8b465ee728b)  -> (artifact id: '6614ac7b4faa54116fb584c4113bc36c') in 0.061987 seconds 
  Import took 0.071129 seconds .

